<?xml version="1.0" encoding="UTF-8"?>
<!-- Generated by org.testng.reporters.JUnitReportReporter -->
<testsuite skipped="0" hostname="DESKTOP-D7VQ7VG" name="testscript.TC_40AdvanceSearch" tests="1" failures="0" timestamp="2021-10-01T13:37:23 IST" time="21.324" errors="0">
  <testcase name="AdvanceSearchTest" time="21.324" classname="testscript.TC_40AdvanceSearch"/>
  <system-out/>
</testsuite> <!-- testscript.TC_40AdvanceSearch -->
