<?xml version="1.0" encoding="UTF-8"?>
<!-- Generated by org.testng.reporters.JUnitReportReporter -->
<testsuite skipped="0" hostname="DESKTOP-D7VQ7VG" name="vtigerTests.AdvanceSearch_signout" tests="1" failures="0" timestamp="2021-10-10T16:09:02 IST" time="76.094" errors="0">
  <testcase name="AdvanceSearchSignout" time="76.094" classname="vtigerTests.AdvanceSearch_signout"/>
  <system-out/>
</testsuite> <!-- vtigerTests.AdvanceSearch_signout -->
