<?xml version="1.0" encoding="UTF-8"?>
<!-- Generated by org.testng.reporters.JUnitReportReporter -->
<testsuite skipped="0" hostname="DESKTOP-D7VQ7VG" name="testscript.TC_31CreateFilter" tests="1" failures="0" timestamp="2021-10-01T13:13:38 IST" time="31.145" errors="0">
  <testcase name="createFilterTest" time="31.145" classname="testscript.TC_31CreateFilter"/>
  <system-out/>
</testsuite> <!-- testscript.TC_31CreateFilter -->
