<?xml version="1.0" encoding="UTF-8"?>
<!-- Generated by org.testng.reporters.JUnitReportReporter -->
<testsuite skipped="0" hostname="DESKTOP-D7VQ7VG" name="testscript.TC_36AdvanceSearch" tests="1" failures="0" timestamp="2021-10-01T13:29:59 IST" time="20.680" errors="0">
  <testcase name="AdvanceSearchTest" time="20.680" classname="testscript.TC_36AdvanceSearch"/>
  <system-out/>
</testsuite> <!-- testscript.TC_36AdvanceSearch -->
