<?xml version="1.0" encoding="UTF-8"?>
<!-- Generated by org.testng.reporters.JUnitReportReporter -->
<testsuite skipped="0" hostname="DESKTOP-D7VQ7VG" name="testscript.TC_34advanceSearch" tests="1" failures="0" timestamp="2021-10-01T15:57:13 IST" time="22.971" errors="0">
  <testcase name="AdvanceSearchTest" time="22.971" classname="testscript.TC_34advanceSearch"/>
  <system-out/>
</testsuite> <!-- testscript.TC_34advanceSearch -->
