<?xml version="1.0" encoding="UTF-8"?>
<!-- Generated by org.testng.reporters.JUnitReportReporter -->
<testsuite skipped="0" hostname="DESKTOP-D7VQ7VG" name="testscript.TC_35AdvanceSearch" tests="1" failures="0" timestamp="2021-10-01T16:10:10 IST" time="20.988" errors="0">
  <testcase name="AdvanceSearchTest" time="20.988" classname="testscript.TC_35AdvanceSearch"/>
  <system-out/>
</testsuite> <!-- testscript.TC_35AdvanceSearch -->
