<?xml version="1.0" encoding="UTF-8"?>
<!-- Generated by org.testng.reporters.JUnitReportReporter -->
<testsuite skipped="0" hostname="DESKTOP-D7VQ7VG" name="vtigerTests.TC_35Advancesearchnotequals" tests="1" failures="0" timestamp="2021-10-10T16:09:02 IST" time="25.958" errors="0">
  <testcase name="Advancesearchnotequals" time="25.958" classname="vtigerTests.TC_35Advancesearchnotequals"/>
  <system-out/>
</testsuite> <!-- vtigerTests.TC_35Advancesearchnotequals -->
