<?xml version="1.0" encoding="UTF-8"?>
<!-- Generated by org.testng.reporters.JUnitReportReporter -->
<testsuite skipped="0" hostname="DESKTOP-D7VQ7VG" name="testscript_java.AutomationToolKit" tests="1" failures="0" timestamp="2021-10-12T10:56:39 IST" time="18.731" errors="0">
  <testcase name="AutomationToolsQATest" time="18.731" classname="testscript_java.AutomationToolKit"/>
  <system-out/>
</testsuite> <!-- testscript_java.AutomationToolKit -->
