<?xml version="1.0" encoding="UTF-8"?>
<!-- Generated by org.testng.reporters.JUnitReportReporter -->
<testsuite skipped="0" hostname="DESKTOP-D7VQ7VG" name="testscript.TC_38AdvanceSearch" tests="1" failures="0" timestamp="2021-10-01T13:32:51 IST" time="21.782" errors="0">
  <testcase name="AdvanceSearchTest" time="21.782" classname="testscript.TC_38AdvanceSearch"/>
  <system-out/>
</testsuite> <!-- testscript.TC_38AdvanceSearch -->
