<?xml version="1.0" encoding="UTF-8"?>
<!-- Generated by org.testng.reporters.JUnitReportReporter -->
<testsuite skipped="0" hostname="DESKTOP-D7VQ7VG" name="testscript.TC_32AdvanceSearch" tests="1" failures="0" timestamp="2021-10-01T15:46:50 IST" time="23.625" errors="0">
  <testcase name="AdvanceSearchTest" time="23.625" classname="testscript.TC_32AdvanceSearch"/>
  <system-out/>
</testsuite> <!-- testscript.TC_32AdvanceSearch -->
