<?xml version="1.0" encoding="UTF-8"?>
<!-- Generated by org.testng.reporters.JUnitReportReporter -->
<testsuite skipped="0" hostname="DESKTOP-D7VQ7VG" name="testscript.TC_33Advancesearch" tests="1" failures="0" timestamp="2021-10-01T16:01:10 IST" time="19.835" errors="0">
  <testcase name="AdvanceSearchTest" time="19.835" classname="testscript.TC_33Advancesearch"/>
  <system-out/>
</testsuite> <!-- testscript.TC_33Advancesearch -->
