<?xml version="1.0" encoding="UTF-8"?>
<!-- Generated by org.testng.reporters.JUnitReportReporter -->
<testsuite skipped="0" hostname="DESKTOP-D7VQ7VG" name="com.vtiger.comcast.organizationtest.TC_35Advancesearchnotequals" tests="1" failures="0" timestamp="2021-10-07T17:28:50 IST" time="29.186" errors="0">
  <testcase name="Advancesearchnotequals" time="29.186" classname="com.vtiger.comcast.organizationtest.TC_35Advancesearchnotequals"/>
  <system-out/>
</testsuite> <!-- com.vtiger.comcast.organizationtest.TC_35Advancesearchnotequals -->
