<?xml version="1.0" encoding="UTF-8"?>
<!-- Generated by org.testng.reporters.JUnitReportReporter -->
<testsuite skipped="0" hostname="DESKTOP-D7VQ7VG" name="testscrpt1.sample1test" tests="2" failures="0" timestamp="18 Oct 2021 12:02:31 GMT" time="0.017" errors="0">
  <testcase name="test2" time="0.002" classname="testscrpt1.sample1test"/>
  <testcase name="test1" time="0.015" classname="testscrpt1.sample1test"/>
</testsuite> <!-- testscrpt1.sample1test -->
