<?xml version="1.0" encoding="UTF-8"?>
<!-- Generated by org.testng.reporters.JUnitReportReporter -->
<testsuite skipped="0" hostname="DESKTOP-D7VQ7VG" name="testscrpt1.sample3test" tests="2" failures="0" timestamp="18 Oct 2021 11:55:57 GMT" time="0.018" errors="0">
  <testcase name="test6" time="0.002" classname="testscrpt1.sample3test"/>
  <testcase name="test5" time="0.016" classname="testscrpt1.sample3test"/>
</testsuite> <!-- testscrpt1.sample3test -->
