<?xml version="1.0" encoding="UTF-8"?>
<!-- Generated by org.testng.reporters.JUnitReportReporter -->
<testsuite skipped="0" hostname="DESKTOP-D7VQ7VG" name="testScript.TC_01CreateOrganizationUsingJson" tests="1" failures="0" timestamp="2021-09-30T11:23:20 IST" time="17.414" errors="0">
  <testcase name="createOrganizationTest" time="17.414" classname="testScript.TC_01CreateOrganizationUsingJson"/>
  <system-out/>
</testsuite> <!-- testScript.TC_01CreateOrganizationUsingJson -->
