<?xml version="1.0" encoding="UTF-8"?>
<!-- Generated by org.testng.reporters.JUnitReportReporter -->
<testsuite skipped="0" hostname="DESKTOP-D7VQ7VG" name="testScript.TC_02CreateContact" tests="1" failures="0" timestamp="2021-09-30T15:04:45 IST" time="15.644" errors="0">
  <testcase name="createContactTest" time="15.644" classname="testScript.TC_02CreateContact"/>
  <system-out/>
</testsuite> <!-- testScript.TC_02CreateContact -->
