<?xml version="1.0" encoding="UTF-8"?>
<!-- Generated by org.testng.reporters.JUnitReportReporter -->
<testsuite skipped="0" hostname="DESKTOP-D7VQ7VG" name="testscrpt1.DemoTest" tests="2" failures="0" timestamp="18 Oct 2021 17:47:34 GMT" time="0.000" errors="0">
  <testcase name="modifyCustomerTest" time="0.000" classname="testscrpt1.DemoTest"/>
  <testcase name="createCustomerTest" time="0.000" classname="testscrpt1.DemoTest"/>
</testsuite> <!-- testscrpt1.DemoTest -->
